17:50:46 [[31merror[39m]: Error: Invalid credentials
    at login (file:///C:/Users/Lenovo/OneDrive/Desktop/Hindu%20Tourism/backend/controllers/authController.js:20:19)
    at process.processTicksAndRejections (node:internal/process/task_queues:95:5)
17:51:00 [[31merror[39m]: Error: Invalid credentials
    at login (file:///C:/Users/Lenovo/OneDrive/Desktop/Hindu%20Tourism/backend/controllers/authController.js:20:19)
    at process.processTicksAndRejections (node:internal/process/task_queues:95:5)
22:33:42 [[31merror[39m]: Error: Please provide both username and password
    at login (file:///C:/Users/Lenovo/OneDrive/Desktop/Hindu%20Tourism/backend/controllers/authController.js:12:19)
    at Layer.handleRequest (C:\Users\Lenovo\OneDrive\Desktop\Hindu Tourism\backend\node_modules\router\lib\layer.js:152:17)
    at next (C:\Users\Lenovo\OneDrive\Desktop\Hindu Tourism\backend\node_modules\router\lib\route.js:157:13)
    at Route.dispatch (C:\Users\Lenovo\OneDrive\Desktop\Hindu Tourism\backend\node_modules\router\lib\route.js:117:3)
    at handle (C:\Users\Lenovo\OneDrive\Desktop\Hindu Tourism\backend\node_modules\router\index.js:435:11)
    at Layer.handleRequest (C:\Users\Lenovo\OneDrive\Desktop\Hindu Tourism\backend\node_modules\router\lib\layer.js:152:17)
    at C:\Users\Lenovo\OneDrive\Desktop\Hindu Tourism\backend\node_modules\router\index.js:295:15
    at processParams (C:\Users\Lenovo\OneDrive\Desktop\Hindu Tourism\backend\node_modules\router\index.js:582:12)
    at next (C:\Users\Lenovo\OneDrive\Desktop\Hindu Tourism\backend\node_modules\router\index.js:291:5)
    at Function.handle (C:\Users\Lenovo\OneDrive\Desktop\Hindu Tourism\backend\node_modules\router\index.js:186:3)
22:34:08 [[31merror[39m]: Error: Please provide both username and password
    at login (file:///C:/Users/Lenovo/OneDrive/Desktop/Hindu%20Tourism/backend/controllers/authController.js:12:19)
    at Layer.handleRequest (C:\Users\Lenovo\OneDrive\Desktop\Hindu Tourism\backend\node_modules\router\lib\layer.js:152:17)
    at next (C:\Users\Lenovo\OneDrive\Desktop\Hindu Tourism\backend\node_modules\router\lib\route.js:157:13)
    at Route.dispatch (C:\Users\Lenovo\OneDrive\Desktop\Hindu Tourism\backend\node_modules\router\lib\route.js:117:3)
    at handle (C:\Users\Lenovo\OneDrive\Desktop\Hindu Tourism\backend\node_modules\router\index.js:435:11)
    at Layer.handleRequest (C:\Users\Lenovo\OneDrive\Desktop\Hindu Tourism\backend\node_modules\router\lib\layer.js:152:17)
    at C:\Users\Lenovo\OneDrive\Desktop\Hindu Tourism\backend\node_modules\router\index.js:295:15
    at processParams (C:\Users\Lenovo\OneDrive\Desktop\Hindu Tourism\backend\node_modules\router\index.js:582:12)
    at next (C:\Users\Lenovo\OneDrive\Desktop\Hindu Tourism\backend\node_modules\router\index.js:291:5)
    at Function.handle (C:\Users\Lenovo\OneDrive\Desktop\Hindu Tourism\backend\node_modules\router\index.js:186:3)
22:34:09 [[31merror[39m]: Error: Please provide both username and password
    at login (file:///C:/Users/Lenovo/OneDrive/Desktop/Hindu%20Tourism/backend/controllers/authController.js:12:19)
    at Layer.handleRequest (C:\Users\Lenovo\OneDrive\Desktop\Hindu Tourism\backend\node_modules\router\lib\layer.js:152:17)
    at next (C:\Users\Lenovo\OneDrive\Desktop\Hindu Tourism\backend\node_modules\router\lib\route.js:157:13)
    at Route.dispatch (C:\Users\Lenovo\OneDrive\Desktop\Hindu Tourism\backend\node_modules\router\lib\route.js:117:3)
    at handle (C:\Users\Lenovo\OneDrive\Desktop\Hindu Tourism\backend\node_modules\router\index.js:435:11)
    at Layer.handleRequest (C:\Users\Lenovo\OneDrive\Desktop\Hindu Tourism\backend\node_modules\router\lib\layer.js:152:17)
    at C:\Users\Lenovo\OneDrive\Desktop\Hindu Tourism\backend\node_modules\router\index.js:295:15
    at processParams (C:\Users\Lenovo\OneDrive\Desktop\Hindu Tourism\backend\node_modules\router\index.js:582:12)
    at next (C:\Users\Lenovo\OneDrive\Desktop\Hindu Tourism\backend\node_modules\router\index.js:291:5)
    at Function.handle (C:\Users\Lenovo\OneDrive\Desktop\Hindu Tourism\backend\node_modules\router\index.js:186:3)
22:34:10 [[31merror[39m]: Error: Please provide both username and password
    at login (file:///C:/Users/Lenovo/OneDrive/Desktop/Hindu%20Tourism/backend/controllers/authController.js:12:19)
    at Layer.handleRequest (C:\Users\Lenovo\OneDrive\Desktop\Hindu Tourism\backend\node_modules\router\lib\layer.js:152:17)
    at next (C:\Users\Lenovo\OneDrive\Desktop\Hindu Tourism\backend\node_modules\router\lib\route.js:157:13)
    at Route.dispatch (C:\Users\Lenovo\OneDrive\Desktop\Hindu Tourism\backend\node_modules\router\lib\route.js:117:3)
    at handle (C:\Users\Lenovo\OneDrive\Desktop\Hindu Tourism\backend\node_modules\router\index.js:435:11)
    at Layer.handleRequest (C:\Users\Lenovo\OneDrive\Desktop\Hindu Tourism\backend\node_modules\router\lib\layer.js:152:17)
    at C:\Users\Lenovo\OneDrive\Desktop\Hindu Tourism\backend\node_modules\router\index.js:295:15
    at processParams (C:\Users\Lenovo\OneDrive\Desktop\Hindu Tourism\backend\node_modules\router\index.js:582:12)
    at next (C:\Users\Lenovo\OneDrive\Desktop\Hindu Tourism\backend\node_modules\router\index.js:291:5)
    at Function.handle (C:\Users\Lenovo\OneDrive\Desktop\Hindu Tourism\backend\node_modules\router\index.js:186:3)
22:34:11 [[31merror[39m]: Error: Please provide both username and password
    at login (file:///C:/Users/Lenovo/OneDrive/Desktop/Hindu%20Tourism/backend/controllers/authController.js:12:19)
    at Layer.handleRequest (C:\Users\Lenovo\OneDrive\Desktop\Hindu Tourism\backend\node_modules\router\lib\layer.js:152:17)
    at next (C:\Users\Lenovo\OneDrive\Desktop\Hindu Tourism\backend\node_modules\router\lib\route.js:157:13)
    at Route.dispatch (C:\Users\Lenovo\OneDrive\Desktop\Hindu Tourism\backend\node_modules\router\lib\route.js:117:3)
    at handle (C:\Users\Lenovo\OneDrive\Desktop\Hindu Tourism\backend\node_modules\router\index.js:435:11)
    at Layer.handleRequest (C:\Users\Lenovo\OneDrive\Desktop\Hindu Tourism\backend\node_modules\router\lib\layer.js:152:17)
    at C:\Users\Lenovo\OneDrive\Desktop\Hindu Tourism\backend\node_modules\router\index.js:295:15
    at processParams (C:\Users\Lenovo\OneDrive\Desktop\Hindu Tourism\backend\node_modules\router\index.js:582:12)
    at next (C:\Users\Lenovo\OneDrive\Desktop\Hindu Tourism\backend\node_modules\router\index.js:291:5)
    at Function.handle (C:\Users\Lenovo\OneDrive\Desktop\Hindu Tourism\backend\node_modules\router\index.js:186:3)
22:34:12 [[31merror[39m]: Error: Please provide both username and password
    at login (file:///C:/Users/Lenovo/OneDrive/Desktop/Hindu%20Tourism/backend/controllers/authController.js:12:19)
    at Layer.handleRequest (C:\Users\Lenovo\OneDrive\Desktop\Hindu Tourism\backend\node_modules\router\lib\layer.js:152:17)
    at next (C:\Users\Lenovo\OneDrive\Desktop\Hindu Tourism\backend\node_modules\router\lib\route.js:157:13)
    at Route.dispatch (C:\Users\Lenovo\OneDrive\Desktop\Hindu Tourism\backend\node_modules\router\lib\route.js:117:3)
    at handle (C:\Users\Lenovo\OneDrive\Desktop\Hindu Tourism\backend\node_modules\router\index.js:435:11)
    at Layer.handleRequest (C:\Users\Lenovo\OneDrive\Desktop\Hindu Tourism\backend\node_modules\router\lib\layer.js:152:17)
    at C:\Users\Lenovo\OneDrive\Desktop\Hindu Tourism\backend\node_modules\router\index.js:295:15
    at processParams (C:\Users\Lenovo\OneDrive\Desktop\Hindu Tourism\backend\node_modules\router\index.js:582:12)
    at next (C:\Users\Lenovo\OneDrive\Desktop\Hindu Tourism\backend\node_modules\router\index.js:291:5)
    at Function.handle (C:\Users\Lenovo\OneDrive\Desktop\Hindu Tourism\backend\node_modules\router\index.js:186:3)
22:35:04 [[31merror[39m]: Error: Please provide both username and password
    at login (file:///C:/Users/Lenovo/OneDrive/Desktop/Hindu%20Tourism/backend/controllers/authController.js:12:19)
    at Layer.handleRequest (C:\Users\Lenovo\OneDrive\Desktop\Hindu Tourism\backend\node_modules\router\lib\layer.js:152:17)
    at next (C:\Users\Lenovo\OneDrive\Desktop\Hindu Tourism\backend\node_modules\router\lib\route.js:157:13)
    at Route.dispatch (C:\Users\Lenovo\OneDrive\Desktop\Hindu Tourism\backend\node_modules\router\lib\route.js:117:3)
    at handle (C:\Users\Lenovo\OneDrive\Desktop\Hindu Tourism\backend\node_modules\router\index.js:435:11)
    at Layer.handleRequest (C:\Users\Lenovo\OneDrive\Desktop\Hindu Tourism\backend\node_modules\router\lib\layer.js:152:17)
    at C:\Users\Lenovo\OneDrive\Desktop\Hindu Tourism\backend\node_modules\router\index.js:295:15
    at processParams (C:\Users\Lenovo\OneDrive\Desktop\Hindu Tourism\backend\node_modules\router\index.js:582:12)
    at next (C:\Users\Lenovo\OneDrive\Desktop\Hindu Tourism\backend\node_modules\router\index.js:291:5)
    at Function.handle (C:\Users\Lenovo\OneDrive\Desktop\Hindu Tourism\backend\node_modules\router\index.js:186:3)
22:42:57 [[31merror[39m]: Error: Invalid credentials
    at login (file:///C:/Users/Lenovo/OneDrive/Desktop/Hindu%20Tourism/backend/controllers/authController.js:20:19)
    at process.processTicksAndRejections (node:internal/process/task_queues:95:5)
23:45:58 [[31merror[39m]: Error: Invalid credentials
    at login (file:///C:/Users/Lenovo/OneDrive/Desktop/Hindu%20Tourism/backend/controllers/authController.js:23:19)
    at process.processTicksAndRejections (node:internal/process/task_queues:95:5)
23:47:47 [[31merror[39m]: Error: Invalid credentials
    at login (file:///C:/Users/Lenovo/OneDrive/Desktop/Hindu%20Tourism/backend/controllers/authController.js:31:19)
23:48:21 [[31merror[39m]: Error: Invalid credentials
    at login (file:///C:/Users/Lenovo/OneDrive/Desktop/Hindu%20Tourism/backend/controllers/authController.js:31:19)
23:48:23 [[31merror[39m]: Error: Invalid credentials
    at login (file:///C:/Users/Lenovo/OneDrive/Desktop/Hindu%20Tourism/backend/controllers/authController.js:31:19)
06:49:26 [[31merror[39m]: Error: Invalid credentials
    at login (file:///C:/Users/Lenovo/OneDrive/Desktop/Hindu%20Tourism/backend/controllers/authController.js:23:19)
    at process.processTicksAndRejections (node:internal/process/task_queues:95:5)
22:43:06 [[31merror[39m]: MongoServerSelectionError: connect ECONNREFUSED ::1:27017, connect ECONNREFUSED 127.0.0.1:27017
    at Topology.selectServer (C:\Users\HP\Desktop\HinduCRM\Backend\node_modules\mongodb\lib\sdam\topology.js:321:38)
    at async tryOperation (C:\Users\HP\Desktop\HinduCRM\Backend\node_modules\mongodb\lib\operations\execute_operation.js:145:18)
    at async executeOperation (C:\Users\HP\Desktop\HinduCRM\Backend\node_modules\mongodb\lib\operations\execute_operation.js:75:16)
    at async FindCursor._initialize (C:\Users\HP\Desktop\HinduCRM\Backend\node_modules\mongodb\lib\cursor\find_cursor.js:61:26)
    at async FindCursor.cursorInit (C:\Users\HP\Desktop\HinduCRM\Backend\node_modules\mongodb\lib\cursor\abstract_cursor.js:633:27)
    at async FindCursor.fetchBatch (C:\Users\HP\Desktop\HinduCRM\Backend\node_modules\mongodb\lib\cursor\abstract_cursor.js:667:13)
    at async FindCursor.next (C:\Users\HP\Desktop\HinduCRM\Backend\node_modules\mongodb\lib\cursor\abstract_cursor.js:347:17)
    at async Collection.findOne (C:\Users\HP\Desktop\HinduCRM\Backend\node_modules\mongodb\lib\collection.js:277:21)
    at async model.Query._findOne (C:\Users\HP\Desktop\HinduCRM\Backend\node_modules\mongoose\lib\query.js:2661:15)
    at async model.Query.exec (C:\Users\HP\Desktop\HinduCRM\Backend\node_modules\mongoose\lib\query.js:4548:63)
22:43:12 [[31merror[39m]: MongoServerSelectionError: connect ECONNREFUSED ::1:27017, connect ECONNREFUSED 127.0.0.1:27017
    at Topology.selectServer (C:\Users\HP\Desktop\HinduCRM\Backend\node_modules\mongodb\lib\sdam\topology.js:321:38)
    at async tryOperation (C:\Users\HP\Desktop\HinduCRM\Backend\node_modules\mongodb\lib\operations\execute_operation.js:145:18)
    at async executeOperation (C:\Users\HP\Desktop\HinduCRM\Backend\node_modules\mongodb\lib\operations\execute_operation.js:75:16)
    at async FindCursor._initialize (C:\Users\HP\Desktop\HinduCRM\Backend\node_modules\mongodb\lib\cursor\find_cursor.js:61:26)
    at async FindCursor.cursorInit (C:\Users\HP\Desktop\HinduCRM\Backend\node_modules\mongodb\lib\cursor\abstract_cursor.js:633:27)
    at async FindCursor.fetchBatch (C:\Users\HP\Desktop\HinduCRM\Backend\node_modules\mongodb\lib\cursor\abstract_cursor.js:667:13)
    at async FindCursor.next (C:\Users\HP\Desktop\HinduCRM\Backend\node_modules\mongodb\lib\cursor\abstract_cursor.js:347:17)
    at async Collection.findOne (C:\Users\HP\Desktop\HinduCRM\Backend\node_modules\mongodb\lib\collection.js:277:21)
    at async model.Query._findOne (C:\Users\HP\Desktop\HinduCRM\Backend\node_modules\mongoose\lib\query.js:2661:15)
    at async model.Query.exec (C:\Users\HP\Desktop\HinduCRM\Backend\node_modules\mongoose\lib\query.js:4548:63)
22:43:24 [[31merror[39m]: MongoServerSelectionError: connect ECONNREFUSED ::1:27017, connect ECONNREFUSED 127.0.0.1:27017
    at Topology.selectServer (C:\Users\HP\Desktop\HinduCRM\Backend\node_modules\mongodb\lib\sdam\topology.js:321:38)
    at async tryOperation (C:\Users\HP\Desktop\HinduCRM\Backend\node_modules\mongodb\lib\operations\execute_operation.js:145:18)
    at async executeOperation (C:\Users\HP\Desktop\HinduCRM\Backend\node_modules\mongodb\lib\operations\execute_operation.js:75:16)
    at async FindCursor._initialize (C:\Users\HP\Desktop\HinduCRM\Backend\node_modules\mongodb\lib\cursor\find_cursor.js:61:26)
    at async FindCursor.cursorInit (C:\Users\HP\Desktop\HinduCRM\Backend\node_modules\mongodb\lib\cursor\abstract_cursor.js:633:27)
    at async FindCursor.fetchBatch (C:\Users\HP\Desktop\HinduCRM\Backend\node_modules\mongodb\lib\cursor\abstract_cursor.js:667:13)
    at async FindCursor.next (C:\Users\HP\Desktop\HinduCRM\Backend\node_modules\mongodb\lib\cursor\abstract_cursor.js:347:17)
    at async Collection.findOne (C:\Users\HP\Desktop\HinduCRM\Backend\node_modules\mongodb\lib\collection.js:277:21)
    at async model.Query._findOne (C:\Users\HP\Desktop\HinduCRM\Backend\node_modules\mongoose\lib\query.js:2661:15)
    at async model.Query.exec (C:\Users\HP\Desktop\HinduCRM\Backend\node_modules\mongoose\lib\query.js:4548:63)
22:43:25 [[31merror[39m]: MongoServerSelectionError: connect ECONNREFUSED ::1:27017, connect ECONNREFUSED 127.0.0.1:27017
    at Topology.selectServer (C:\Users\HP\Desktop\HinduCRM\Backend\node_modules\mongodb\lib\sdam\topology.js:321:38)
    at async tryOperation (C:\Users\HP\Desktop\HinduCRM\Backend\node_modules\mongodb\lib\operations\execute_operation.js:145:18)
    at async executeOperation (C:\Users\HP\Desktop\HinduCRM\Backend\node_modules\mongodb\lib\operations\execute_operation.js:75:16)
    at async FindCursor._initialize (C:\Users\HP\Desktop\HinduCRM\Backend\node_modules\mongodb\lib\cursor\find_cursor.js:61:26)
    at async FindCursor.cursorInit (C:\Users\HP\Desktop\HinduCRM\Backend\node_modules\mongodb\lib\cursor\abstract_cursor.js:633:27)
    at async FindCursor.fetchBatch (C:\Users\HP\Desktop\HinduCRM\Backend\node_modules\mongodb\lib\cursor\abstract_cursor.js:667:13)
    at async FindCursor.next (C:\Users\HP\Desktop\HinduCRM\Backend\node_modules\mongodb\lib\cursor\abstract_cursor.js:347:17)
    at async Collection.findOne (C:\Users\HP\Desktop\HinduCRM\Backend\node_modules\mongodb\lib\collection.js:277:21)
    at async model.Query._findOne (C:\Users\HP\Desktop\HinduCRM\Backend\node_modules\mongoose\lib\query.js:2661:15)
    at async model.Query.exec (C:\Users\HP\Desktop\HinduCRM\Backend\node_modules\mongoose\lib\query.js:4548:63)
22:43:25 [[31merror[39m]: MongoServerSelectionError: connect ECONNREFUSED ::1:27017, connect ECONNREFUSED 127.0.0.1:27017
    at Topology.selectServer (C:\Users\HP\Desktop\HinduCRM\Backend\node_modules\mongodb\lib\sdam\topology.js:321:38)
    at async tryOperation (C:\Users\HP\Desktop\HinduCRM\Backend\node_modules\mongodb\lib\operations\execute_operation.js:145:18)
    at async executeOperation (C:\Users\HP\Desktop\HinduCRM\Backend\node_modules\mongodb\lib\operations\execute_operation.js:75:16)
    at async FindCursor._initialize (C:\Users\HP\Desktop\HinduCRM\Backend\node_modules\mongodb\lib\cursor\find_cursor.js:61:26)
    at async FindCursor.cursorInit (C:\Users\HP\Desktop\HinduCRM\Backend\node_modules\mongodb\lib\cursor\abstract_cursor.js:633:27)
    at async FindCursor.fetchBatch (C:\Users\HP\Desktop\HinduCRM\Backend\node_modules\mongodb\lib\cursor\abstract_cursor.js:667:13)
    at async FindCursor.next (C:\Users\HP\Desktop\HinduCRM\Backend\node_modules\mongodb\lib\cursor\abstract_cursor.js:347:17)
    at async Collection.findOne (C:\Users\HP\Desktop\HinduCRM\Backend\node_modules\mongodb\lib\collection.js:277:21)
    at async model.Query._findOne (C:\Users\HP\Desktop\HinduCRM\Backend\node_modules\mongoose\lib\query.js:2661:15)
    at async model.Query.exec (C:\Users\HP\Desktop\HinduCRM\Backend\node_modules\mongoose\lib\query.js:4548:63)
22:43:48 [[31merror[39m]: MongoDB connection failed: connect ECONNREFUSED ::1:27017, connect ECONNREFUSED 127.0.0.1:27017
22:44:49 [[31merror[39m]: MongoDB connection failed: connect ECONNREFUSED ::1:27017, connect ECONNREFUSED 127.0.0.1:27017
22:49:24 [[31merror[39m]: MongoDB connection failed: connect ECONNREFUSED ::1:27017, connect ECONNREFUSED 127.0.0.1:27017
06:50:21 [[31merror[39m]: MongoDB connection failed: connect ECONNREFUSED ::1:27017, connect ECONNREFUSED 127.0.0.1:27017
06:52:11 [[31merror[39m]: MongoDB connection failed: connect ECONNREFUSED ::1:27017, connect ECONNREFUSED 127.0.0.1:27017
10:21:50 [[31merror[39m]: MongoDB connection failed: connect ECONNREFUSED ::1:27017, connect ECONNREFUSED 127.0.0.1:27017
12:28:41 [[31merror[39m]: Error: Invalid credentials
    at login (file:///C:/Users/HP/Desktop/HinduCRM/backend/controllers/authController.js:31:19)
12:28:45 [[31merror[39m]: Error: Invalid credentials
    at login (file:///C:/Users/HP/Desktop/HinduCRM/backend/controllers/authController.js:31:19)
12:28:47 [[31merror[39m]: Error: Invalid credentials
    at login (file:///C:/Users/HP/Desktop/HinduCRM/backend/controllers/authController.js:31:19)
12:28:47 [[31merror[39m]: Error: Invalid credentials
    at login (file:///C:/Users/HP/Desktop/HinduCRM/backend/controllers/authController.js:31:19)
12:28:47 [[31merror[39m]: Error: Invalid credentials
    at login (file:///C:/Users/HP/Desktop/HinduCRM/backend/controllers/authController.js:31:19)
16:32:12 [[31merror[39m]: MongoDB connection failed: connect ECONNREFUSED ::1:27017, connect ECONNREFUSED 127.0.0.1:27017
